<?xml version="1.0" encoding="UTF-8"?>
<!-- Generated by org.testng.reporters.JUnitReportReporter -->
<testsuite hostname="DESKTOP-BEA2E83" failures="0" tests="4" name="testCases.TC_003_LoginDataDriventest" time="26.947" errors="0" timestamp="2023-05-12T10:25:11 EDT" skipped="0">
  <testcase classname="testCases.TC_003_LoginDataDriventest" name="test_logintest" time="11.105"/>
  <system-out/>
  <testcase classname="testCases.TC_003_LoginDataDriventest" name="test_logintest" time="2.234"/>
  <system-out/>
  <testcase classname="testCases.TC_003_LoginDataDriventest" name="test_logintest" time="2.531"/>
  <system-out/>
  <testcase classname="testCases.TC_003_LoginDataDriventest" name="test_logintest" time="11.077"/>
  <system-out/>
</testsuite> <!-- testCases.TC_003_LoginDataDriventest -->
