<?xml version="1.0" encoding="UTF-8"?>
<!-- Generated by org.testng.reporters.JUnitReportReporter -->
<testsuite hostname="DESKTOP-BEA2E83" failures="0" tests="4" name="testCases.TC_003_LoginDataDriventest" time="26.811" errors="0" timestamp="2023-05-12T11:46:30 EDT" skipped="0">
  <testcase classname="testCases.TC_003_LoginDataDriventest" name="test_logintest" time="11.063"/>
  <system-out/>
  <testcase classname="testCases.TC_003_LoginDataDriventest" name="test_logintest" time="2.187"/>
  <system-out/>
  <testcase classname="testCases.TC_003_LoginDataDriventest" name="test_logintest" time="2.525"/>
  <system-out/>
  <testcase classname="testCases.TC_003_LoginDataDriventest" name="test_logintest" time="11.036"/>
  <system-out/>
</testsuite> <!-- testCases.TC_003_LoginDataDriventest -->
