<?xml version="1.0" encoding="UTF-8"?>
<!-- Generated by org.testng.reporters.JUnitReportReporter -->
<testsuite hostname="DESKTOP-BEA2E83" failures="0" tests="1" name="testCases.TC_002_Logintest" time="1.714" errors="0" timestamp="2023-05-12T11:46:30 EDT" skipped="0">
  <testcase classname="testCases.TC_002_Logintest" name="test_logintest" time="1.714"/>
  <system-out/>
</testsuite> <!-- testCases.TC_002_Logintest -->
